app/build/intermediates/aapt_proguard_file/release/aapt_rules.txt
-keep class androidx.core.app.CoreComponentFactory { <init>(); }
-keep class androidx.core.content.FileProvider { <init>(); }
-keep class com.android.billingclient.api.ProxyBillingActivity { <init>(); }
-keep class com.google.androidbrowserhelper.playbilling.provider.PaymentActivity { <init>(); }
-keep class com.google.androidbrowserhelper.playbilling.provider.PaymentService { <init>(); }
-keep class com.google.androidbrowserhelper.trusted.FocusActivity { <init>(); }
-keep class com.google.androidbrowserhelper.trusted.ManageDataLauncherActivity { <init>(); }
-keep class com.google.androidbrowserhelper.trusted.WebViewFallbackActivity { <init>(); }
-keep class nl.stevie.ray.hangtime.Application { <init>(); }
-keep class nl.stevie.ray.hangtime.DelegationService { <init>(); }
-keep class nl.stevie.ray.hangtime.LauncherActivity { <init>(); }
-keep class androidx.browser.browseractions.BrowserActionsFallbackMenuView { <init>(android.content.Context, android.util.AttributeSet); }