app/build/outputs/mapping/release/seeds.txt
nl.stevie.ray.hangtime.Application: Application()
nl.stevie.ray.hangtime.Application
nl.stevie.ray.hangtime.DelegationService
nl.stevie.ray.hangtime.LauncherActivity
nl.stevie.ray.hangtime.DelegationService: DelegationService()
nl.stevie.ray.hangtime.LauncherActivity: LauncherActivity()
...
com.google.androidbrowserhelper.trusted.ManageDataLauncherActivity
android.support.v4.graphics.drawable.IconCompatParcelizer
androidx.browser.R$dimen: int notification_right_icon_size
androidx.browser.R$dimen: int browser_actions_context_menu_min_padding
androidx.browser.R$dimen: int notification_small_icon_background_padding
com.google.androidbrowserhelper.trusted.WebViewFallbackActivity
androidx.core.app.RemoteActionCompatParcelizer: androidx.core.app.RemoteActionCompat read(androidx.versionedparcelable.VersionedParcel)
android.support.v4.graphics.drawable.IconCompatParcelizer: void write(androidx.core.graphics.drawable.IconCompat,androidx.versionedparcelable.VersionedParcel)
androidx.browser.trusted.TrustedWebActivityService: TrustedWebActivityService()
androidx.browser.R$dimen: int notification_large_icon_height
androidx.browser.R$dimen: int notification_action_text_size
com.google.androidbrowserhelper.R$drawable: int notification_action_background
android.support.v4.graphics.drawable.IconCompatParcelizer: androidx.core.graphics.drawable.IconCompat read(androidx.versionedparcelable.VersionedParcel)
androidx.core.graphics.drawable.IconCompatParcelizer
com.google.androidbrowserhelper.R$drawable: int notification_icon_background
com.google.androidbrowserhelper.R$drawable: int notification_bg_normal_pressed
com.google.androidbrowserhelper.trusted.ManageDataLauncherActivity: ManageDataLauncherActivity()
com.google.androidbrowserhelper.R$drawable: int notification_template_icon_bg
androidx.core.app.RemoteActionCompat: RemoteActionCompat()
androidx.lifecycle.FullLifecycleObserverAdapter
androidx.versionedparcelable.ParcelImpl: android.os.Parcelable$Creator CREATOR
androidx.browser.R$dimen: int notification_subtext_size
com.google.androidbrowserhelper.R$string: int manage_space_not_supported_toast
com.google.androidbrowserhelper.R$drawable: int notify_panel_notification_icon_bg
com.google.androidbrowserhelper.trusted.FocusActivity
androidx.core.app.RemoteActionCompat
androidx.browser.R$dimen: int compat_notification_large_icon_max_height
com.google.androidbrowserhelper.R$string: int no_provider_toast
com.google.androidbrowserhelper.playbilling.provider.PaymentService: PaymentService()
android.support.v4.app.RemoteActionCompatParcelizer
androidx.browser.R$dimen: int compat_button_inset_horizontal_material
com.google.androidbrowserhelper.R$drawable: int notification_bg_normal
androidx.core.content.FileProvider: FileProvider()
com.google.androidbrowserhelper.R$drawable: int notification_template_icon_low_bg
com.google.androidbrowserhelper.R$string: int status_bar_notification_info_overflow
android.support.v4.app.RemoteActionCompatParcelizer: RemoteActionCompatParcelizer()
androidx.browser.R$dimen: int notification_small_icon_size_as_large
com.google.androidbrowserhelper.R$drawable: int notification_bg_low
com.google.androidbrowserhelper.trusted.WebViewFallbackActivity: WebViewFallbackActivity()
com.google.androidbrowserhelper.playbilling.provider.PaymentService
androidx.core.app.CoreComponentFactory
androidx.lifecycle.SingleGeneratedAdapterObserver
androidx.core.graphics.drawable.IconCompat
com.google.androidbrowserhelper.R$drawable: int notification_bg
com.google.androidbrowserhelper.R$string: int fallback_menu_item_copy_link
androidx.core.app.RemoteActionCompatParcelizer: void write(androidx.core.app.RemoteActionCompat,androidx.versionedparcelable.VersionedParcel)
com.google.androidbrowserhelper.R$string: int copy_toast_msg
com.google.androidbrowserhelper.R$drawable: int notification_bg_low_normal
androidx.browser.R$dimen: int notification_action_icon_size
androidx.versionedparcelable.CustomVersionedParcelable: CustomVersionedParcelable()
androidx.lifecycle.ReflectiveGenericLifecycleObserver
androidx.core.app.RemoteActionCompatParcelizer: RemoteActionCompatParcelizer()
com.google.androidbrowserhelper.R$string: int manage_space_no_data_toast