app/build/outputs/mapping/release/mapping.txt
# compiler: R8
# compiler_version: 2.0.74
# min_api: 19
# pg_map_id: a868d64
# common_typos_disable
nl.stevie.ray.hangtime.LauncherActivity -> nl.stevie.ray.hangtime.LauncherActivity:
    android.net.Uri getLaunchingUrl() -> f
...
com.google.androidbrowserhelper.playbilling.digitalgoods.-$$Lambda$AcknowledgeCall$tUh5dPhMqZpx1ckgCjo0HK8n2OE -> c.a.b.c.a.b:
    com.google.androidbrowserhelper.playbilling.digitalgoods.AcknowledgeCall f$0 -> a
    void onConsumeResponse(com.android.billingclient.api.BillingResult,java.lang.String) -> a
com.google.androidbrowserhelper.playbilling.digitalgoods.-$$Lambda$ConnectedBillingWrapper$4g0NKdUUy3aCS2c8b9K8QZNVcv4 -> c.a.b.c.a.c:
    com.google.androidbrowserhelper.playbilling.digitalgoods.-$$Lambda$ConnectedBillingWrapper$4g0NKdUUy3aCS2c8b9K8QZNVcv4 INSTANCE -> a
com.google.androidbrowserhelper.playbilling.digitalgoods.-$$Lambda$ConnectedBillingWrapper$5hRuUupcyHMRmEMfZW-ml3Gxv_s -> c.a.b.c.a.d:
    com.android.billingclient.api.SkuDetailsResponseListener f$3 -> d
    com.google.androidbrowserhelper.playbilling.digitalgoods.ConnectedBillingWrapper f$0 -> a
    java.util.List f$2 -> c
    java.lang.String f$1 -> b
com.google.androidbrowserhelper.playbilling.digitalgoods.-$$Lambda$ConnectedBillingWrapper$P4UBkXEIHW1aTJyga3lcJsPprDo -> c.a.b.c.a.e:
    com.google.androidbrowserhelper.playbilling.digitalgoods.ConnectedBillingWrapper f$0 -> a
    com.android.billingclient.api.AcknowledgePurchaseResponseListener f$2 -> c
    java.lang.String f$1 -> b
com.google.androidbrowserhelper.playbilling.digitalgoods.-$$Lambda$ConnectedBillingWrapper$bDJhvXW-WCwxGUFvUTTaEWRSVwc -> c.a.b.c.a.f:
    com.google.androidbrowserhelper.playbilling.digitalgoods.ConnectedBillingWrapper f$0 -> a
    com.google.androidbrowserhelper.playbilling.provider.BillingWrapper$QueryPurchasesListener f$2 -> c
    java.lang.String f$1 -> b
com.google.androidbrowserhelper.playbilling.digitalgoods.-$$Lambda$ConnectedBillingWrapper$m8fytuBus3Yc8DxwMnQYsxvtlZg -> c.a.b.c.a.g:
    com.android.billingclient.api.ConsumeResponseListener f$2 -> c
    com.google.androidbrowserhelper.playbilling.digitalgoods.ConnectedBillingWrapper f$0 -> a
    java.lang.String f$1 -> b
com.google.androidbrowserhelper.playbilling.digitalgoods.-$$Lambda$DigitalGoodsRequestHandler$QoieUFpzk7arTMlp9eS8HWrFh74 -> c.a.b.c.a.h:
    androidx.browser.trusted.TrustedWebActivityCallbackRemote f$0 -> a
    void run(java.lang.String,android.os.Bundle) -> a
com.google.androidbrowserhelper.playbilling.digitalgoods.-$$Lambda$DigitalGoodsRequestHandler$UGOLcp1-Obsdf3Hn71_MnFq62ac -> c.a.b.c.a.i:
    com.google.androidbrowserhelper.playbilling.digitalgoods.-$$Lambda$DigitalGoodsRequestHandler$UGOLcp1-Obsdf3Hn71_MnFq62ac INSTANCE -> a
    void onPurchaseFlowComplete(com.android.billingclient.api.BillingResult,java.lang.String) -> a
com.google.androidbrowserhelper.playbilling.digitalgoods.-$$Lambda$GetDetailsCall$Xueomq9kG_vHW9pF5bbOTotDp7w -> c.a.b.c.a.j:
    com.google.androidbrowserhelper.playbilling.digitalgoods.GetDetailsCall f$0 -> a
    void onResult(com.android.billingclient.api.BillingResult,java.util.List) -> a
com.google.androidbrowserhelper.playbilling.digitalgoods.-$$Lambda$ListPurchasesCall$ap7ESYJg79FErAnBAkpXEEOTGiQ -> c.a.b.c.a.k:
    com.google.androidbrowserhelper.playbilling.digitalgoods.BillingResultMerger f$0 -> a
    void onQueryPurchasesResponse(com.android.billingclient.api.Purchase$PurchasesResult) -> a
com.google.androidbrowserhelper.playbilling.digitalgoods.-$$Lambda$ListPurchasesCall$iXsEPC6b_wlX9_DcwbqI9_PVYaM -> c.a.b.c.a.l:
    com.google.androidbrowserhelper.playbilling.digitalgoods.ListPurchasesCall f$0 -> a
    void onResult(com.android.billingclient.api.BillingResult,java.util.List) -> a
com.google.androidbrowserhelper.playbilling.digitalgoods.-$$Lambda$ListPurchasesCall$j43UA-qr5hkndbuT1IZWlbqLVgU -> c.a.b.c.a.m:
    com.google.androidbrowserhelper.playbilling.digitalgoods.BillingResultMerger f$0 -> a
    void onQueryPurchasesResponse(com.android.billingclient.api.Purchase$PurchasesResult) -> a